{
  "timestamp" : "2022-11-17T10:23:18Z",
  "version" : "1.4.0",
  "sub_folder" : "system",
  "sub_type" : "state",
  "status" : {
    "message" : "While converting to json node: 1 schema violations found",
    "detail" : "While converting to json node: 1 schema violations found @Validator.validateMessage(Validator.java:437); 1 schema violations found; object has missing required properties ([\"hardware\"])",
    "category" : "validation.error.simple",
    "timestamp" : "2022-11-17T10:23:18Z",
    "level" : 500
  },
  "errors" : [ {
    "message" : "While converting to json node: 1 schema violations found",
    "detail" : "While converting to json node: 1 schema violations found @Validator.validateMessage(Validator.java:437); 1 schema violations found; object has missing required properties ([\"hardware\"])",
    "category" : "validation.error.simple",
    "timestamp" : "2022-11-17T10:23:18Z",
    "level" : 500
  } ]
}
