{
  "timestamp" : "2022-11-16T15:49:20Z",
  "version" : "1.4.0",
  "sub_folder" : "update",
  "sub_type" : "state",
  "status" : {
    "message" : "Multiple validation errors",
    "detail" : "validation.error.simple:While converting to json node: 1 schema violations found (500); validation.error.simple:While converting to json node: 1 schema violations found (500)",
    "category" : "validation.error.multiple",
    "timestamp" : "2022-11-16T15:49:20Z",
    "level" : 500
  },
  "errors" : [ {
    "message" : "While converting to json node: 1 schema violations found",
    "detail" : "While converting to json node: 1 schema violations found @Validator.validateMessage(Validator.java:437); 1 schema violations found; object has missing required properties ([\"hardware\"])",
    "category" : "validation.error.simple",
    "timestamp" : "2022-11-16T15:49:20Z",
    "level" : 500
  }, {
    "message" : "While converting to json node: 1 schema violations found",
    "detail" : "While converting to json node: 1 schema violations found @Validator.validateMessage(Validator.java:437); 1 schema violations found; object has missing required properties ([\"hardware\"])",
    "category" : "validation.error.simple",
    "timestamp" : "2022-11-16T15:49:20Z",
    "level" : 500
  } ]
}
